[2024/08/11 10:30:11.376] - Starting server with initial configuration: {"gasLimit":6721975,"gasPrice":20000000000,"hardfork":"merge","hostname":"127.0.0.1","port":7545,"network_id":5777,"default_balance_ether":100,"total_accounts":10,"unlocked_accounts":[],"locked":false,"vmErrorsOnRPCResponse":true,"verbose":true,"flavor":"ethereum","db_path":"C:\\Users\\mahad\\AppData\\Roaming\\Ganache\\ui\\workspaces\\FruitChain\\chaindata","mnemonic":"kitten initial salt lazy mask profit monitor innocent web chronic into accident","logDirectory":"C:\\Users\\mahad\\Desktop\\fruit_sell\\fruit_sell\\ganache"}
[2024/08/11 10:30:11.534] -    >  eth_getCode: [
   >   "0xb67abaec373722828930da4fafa1579672b821f4",
   >   "latest"
   > ]
[2024/08/11 10:30:11.537] -    >  eth_subscribe: [
   >   "newHeads"
   > ]
[2024/08/11 10:30:11.539] -    >  eth_getLogs: [
   >   {
   >     "fromBlock": null,
   >     "topics": []
   >   }
   > ]
[2024/08/11 10:30:11.540] -    >  eth_subscribe: [
   >   "logs",
   >   {
   >     "topics": []
   >   }
   > ]
[2024/08/11 10:30:11.593] -    >  eth_subscribe: [
   >   "newHeads"
   > ]
[2024/08/11 10:30:11.594] -    >  eth_getLogs: [
   >   {
   >     "fromBlock": null,
   >     "topics": []
   >   }
   > ]
[2024/08/11 10:30:11.595] -    >  eth_subscribe: [
   >   "logs",
   >   {
   >     "topics": []
   >   }
   > ]
[2024/08/11 10:30:11.596] -    >  eth_getCode: [
   >   "0xb67abaec373722828930da4fafa1579672b821f4",
   >   "latest"
   > ]
[2024/08/11 10:30:11.671] -    >  eth_blockNumber: []
[2024/08/11 10:30:11.672] -    >  eth_accounts: []
[2024/08/11 10:30:11.672] -    >  eth_gasPrice: []
[2024/08/11 10:30:11.673] -    >  eth_getBlockByNumber: [
   >   "latest",
   >   false
   > ]
[2024/08/11 10:30:11.675] -    >  eth_subscribe: [
   >   "newHeads"
   > ]
[2024/08/11 10:30:11.678] -    >  eth_blockNumber: []
[2024/08/11 10:30:11.679] -    >  eth_accounts: []
[2024/08/11 10:30:11.679] -    >  eth_gasPrice: []
[2024/08/11 10:30:11.680] -    >  eth_getBlockByNumber: [
   >   "latest",
   >   false
   > ]
[2024/08/11 10:30:11.680] -    >  eth_subscribe: [
   >   "newHeads"
   > ]
[2024/08/11 10:30:11.687] -    >  eth_accounts: []
[2024/08/11 10:30:11.738] -    >  eth_getBalance: [
   >   "0x57be56fbd93098294b33252f919f3a4988bfad10",
   >   "latest"
   > ]
[2024/08/11 10:30:11.741] -    >  eth_getTransactionCount: [
   >   "0x57be56fbd93098294b33252f919f3a4988bfad10",
   >   "latest"
   > ]
[2024/08/11 10:30:11.745] -    >  eth_getBalance: [
   >   "0x45c3275b1486f1b97b5e02561b6f98781d3689d8",
   >   "latest"
   > ]
[2024/08/11 10:30:11.749] -    >  eth_getTransactionCount: [
   >   "0x45c3275b1486f1b97b5e02561b6f98781d3689d8",
   >   "latest"
   > ]
[2024/08/11 10:30:11.753] -    >  eth_getBalance: [
   >   "0x1c7055e5d5bf577f3689eb1bd129edd3c121e8e6",
   >   "latest"
   > ]
[2024/08/11 10:30:11.758] -    >  eth_getTransactionCount: [
   >   "0x1c7055e5d5bf577f3689eb1bd129edd3c121e8e6",
   >   "latest"
   > ]
[2024/08/11 10:30:11.763] -    >  eth_getBalance: [
   >   "0x0c760d895a3171e54dbbb9a18e67014972088c77",
   >   "latest"
   > ]
[2024/08/11 10:30:11.768] -    >  eth_getTransactionCount: [
   >   "0x0c760d895a3171e54dbbb9a18e67014972088c77",
   >   "latest"
   > ]
[2024/08/11 10:30:11.772] -    >  eth_getBalance: [
   >   "0x794f98490bf0bd92b8de7a4b69095d80ec6fdcda",
   >   "latest"
   > ]
[2024/08/11 10:30:11.781] -    >  eth_getTransactionCount: [
   >   "0x794f98490bf0bd92b8de7a4b69095d80ec6fdcda",
   >   "latest"
   > ]
[2024/08/11 10:30:11.785] -    >  eth_getBalance: [
   >   "0x3fed8828db9aa18d25cd1e4993d391f77a6eae78",
   >   "latest"
   > ]
[2024/08/11 10:30:11.790] -    >  eth_getTransactionCount: [
   >   "0x3fed8828db9aa18d25cd1e4993d391f77a6eae78",
   >   "latest"
   > ]
[2024/08/11 10:30:11.794] -    >  eth_getBalance: [
   >   "0x668fc8f3f1c2c85cd4d11b43ccf3dda73a21a952",
   >   "latest"
   > ]
[2024/08/11 10:30:11.799] -    >  eth_getTransactionCount: [
   >   "0x668fc8f3f1c2c85cd4d11b43ccf3dda73a21a952",
   >   "latest"
   > ]
[2024/08/11 10:30:11.805] -    >  eth_getBalance: [
   >   "0x230522813c2f5474ff022649600998137c18b816",
   >   "latest"
   > ]
[2024/08/11 10:30:11.809] -    >  eth_getTransactionCount: [
   >   "0x230522813c2f5474ff022649600998137c18b816",
   >   "latest"
   > ]
[2024/08/11 10:30:11.814] -    >  eth_getBalance: [
   >   "0x981dca2746ccd296a3bd9ce831cc9746ee02df63",
   >   "latest"
   > ]
[2024/08/11 10:30:11.817] -    >  eth_getTransactionCount: [
   >   "0x981dca2746ccd296a3bd9ce831cc9746ee02df63",
   >   "latest"
   > ]
[2024/08/11 10:30:11.820] -    >  eth_getBalance: [
   >   "0xf5cc397bbcf3184ec4f26362a10e8fc7cf31d187",
   >   "latest"
   > ]
[2024/08/11 10:30:11.824] -    >  eth_getTransactionCount: [
   >   "0xf5cc397bbcf3184ec4f26362a10e8fc7cf31d187",
   >   "latest"
   > ]
[2024/08/11 10:30:11.832] -    >  eth_getBalance: [
   >   "0x57be56fbd93098294b33252f919f3a4988bfad10",
   >   "latest"
   > ]
[2024/08/11 10:30:11.836] -    >  eth_getTransactionCount: [
   >   "0x57be56fbd93098294b33252f919f3a4988bfad10",
   >   "latest"
   > ]
[2024/08/11 10:30:11.841] -    >  eth_getBalance: [
   >   "0x45c3275b1486f1b97b5e02561b6f98781d3689d8",
   >   "latest"
   > ]
[2024/08/11 10:30:11.844] -    >  eth_getTransactionCount: [
   >   "0x45c3275b1486f1b97b5e02561b6f98781d3689d8",
   >   "latest"
   > ]
[2024/08/11 10:30:11.848] -    >  eth_getBalance: [
   >   "0x1c7055e5d5bf577f3689eb1bd129edd3c121e8e6",
   >   "latest"
   > ]
[2024/08/11 10:30:11.850] -    >  eth_getTransactionCount: [
   >   "0x1c7055e5d5bf577f3689eb1bd129edd3c121e8e6",
   >   "latest"
   > ]
[2024/08/11 10:30:11.853] -    >  eth_getBalance: [
   >   "0x0c760d895a3171e54dbbb9a18e67014972088c77",
   >   "latest"
   > ]
[2024/08/11 10:30:11.856] -    >  eth_getTransactionCount: [
   >   "0x0c760d895a3171e54dbbb9a18e67014972088c77",
   >   "latest"
   > ]
[2024/08/11 10:30:11.859] -    >  eth_getBalance: [
   >   "0x794f98490bf0bd92b8de7a4b69095d80ec6fdcda",
   >   "latest"
   > ]
[2024/08/11 10:30:11.862] -    >  eth_getTransactionCount: [
   >   "0x794f98490bf0bd92b8de7a4b69095d80ec6fdcda",
   >   "latest"
   > ]
[2024/08/11 10:30:11.868] -    >  eth_getBalance: [
   >   "0x3fed8828db9aa18d25cd1e4993d391f77a6eae78",
   >   "latest"
   > ]
[2024/08/11 10:30:11.871] -    >  eth_getTransactionCount: [
   >   "0x3fed8828db9aa18d25cd1e4993d391f77a6eae78",
   >   "latest"
   > ]
[2024/08/11 10:30:11.875] -    >  eth_getBalance: [
   >   "0x668fc8f3f1c2c85cd4d11b43ccf3dda73a21a952",
   >   "latest"
   > ]
[2024/08/11 10:30:11.878] -    >  eth_getTransactionCount: [
   >   "0x668fc8f3f1c2c85cd4d11b43ccf3dda73a21a952",
   >   "latest"
   > ]
[2024/08/11 10:30:11.881] -    >  eth_getBalance: [
   >   "0x230522813c2f5474ff022649600998137c18b816",
   >   "latest"
   > ]
[2024/08/11 10:30:11.884] -    >  eth_getTransactionCount: [
   >   "0x230522813c2f5474ff022649600998137c18b816",
   >   "latest"
   > ]
[2024/08/11 10:30:11.887] -    >  eth_getBalance: [
   >   "0x981dca2746ccd296a3bd9ce831cc9746ee02df63",
   >   "latest"
   > ]
[2024/08/11 10:30:11.891] -    >  eth_getTransactionCount: [
   >   "0x981dca2746ccd296a3bd9ce831cc9746ee02df63",
   >   "latest"
   > ]
[2024/08/11 10:30:11.895] -    >  eth_getBalance: [
   >   "0xf5cc397bbcf3184ec4f26362a10e8fc7cf31d187",
   >   "latest"
   > ]
[2024/08/11 10:30:11.898] -    >  eth_getTransactionCount: [
   >   "0xf5cc397bbcf3184ec4f26362a10e8fc7cf31d187",
   >   "latest"
   > ]
[2024/08/11 10:30:11.901] -    >  eth_getBalance: [
   >   "0x57be56fbd93098294b33252f919f3a4988bfad10",
   >   "latest"
   > ]
[2024/08/11 10:30:11.905] -    >  eth_getTransactionCount: [
   >   "0x57be56fbd93098294b33252f919f3a4988bfad10",
   >   "latest"
   > ]
[2024/08/11 10:30:11.908] -    >  eth_getBalance: [
   >   "0x45c3275b1486f1b97b5e02561b6f98781d3689d8",
   >   "latest"
   > ]
[2024/08/11 10:30:11.912] -    >  eth_getTransactionCount: [
   >   "0x45c3275b1486f1b97b5e02561b6f98781d3689d8",
   >   "latest"
   > ]
[2024/08/11 10:30:11.915] -    >  eth_getBalance: [
   >   "0x1c7055e5d5bf577f3689eb1bd129edd3c121e8e6",
   >   "latest"
   > ]
[2024/08/11 10:30:11.918] -    >  eth_getTransactionCount: [
   >   "0x1c7055e5d5bf577f3689eb1bd129edd3c121e8e6",
   >   "latest"
   > ]
[2024/08/11 10:30:11.921] -    >  eth_getBalance: [
   >   "0x0c760d895a3171e54dbbb9a18e67014972088c77",
   >   "latest"
   > ]
[2024/08/11 10:30:11.923] -    >  eth_getTransactionCount: [
   >   "0x0c760d895a3171e54dbbb9a18e67014972088c77",
   >   "latest"
   > ]
[2024/08/11 10:30:11.927] -    >  eth_getBalance: [
   >   "0x794f98490bf0bd92b8de7a4b69095d80ec6fdcda",
   >   "latest"
   > ]
[2024/08/11 10:30:11.931] -    >  eth_getTransactionCount: [
   >   "0x794f98490bf0bd92b8de7a4b69095d80ec6fdcda",
   >   "latest"
   > ]
[2024/08/11 10:30:11.933] -    >  eth_getBalance: [
   >   "0x3fed8828db9aa18d25cd1e4993d391f77a6eae78",
   >   "latest"
   > ]
[2024/08/11 10:30:11.936] -    >  eth_getTransactionCount: [
   >   "0x3fed8828db9aa18d25cd1e4993d391f77a6eae78",
   >   "latest"
   > ]
[2024/08/11 10:30:11.939] -    >  eth_getBalance: [
   >   "0x668fc8f3f1c2c85cd4d11b43ccf3dda73a21a952",
   >   "latest"
   > ]
[2024/08/11 10:30:11.944] -    >  eth_getTransactionCount: [
   >   "0x668fc8f3f1c2c85cd4d11b43ccf3dda73a21a952",
   >   "latest"
   > ]
[2024/08/11 10:30:11.949] -    >  eth_getBalance: [
   >   "0x230522813c2f5474ff022649600998137c18b816",
   >   "latest"
   > ]
[2024/08/11 10:30:11.952] -    >  eth_getTransactionCount: [
   >   "0x230522813c2f5474ff022649600998137c18b816",
   >   "latest"
   > ]
[2024/08/11 10:30:11.955] -    >  eth_getBalance: [
   >   "0x981dca2746ccd296a3bd9ce831cc9746ee02df63",
   >   "latest"
   > ]
[2024/08/11 10:30:11.958] -    >  eth_getTransactionCount: [
   >   "0x981dca2746ccd296a3bd9ce831cc9746ee02df63",
   >   "latest"
   > ]
[2024/08/11 10:30:11.963] -    >  eth_getBalance: [
   >   "0xf5cc397bbcf3184ec4f26362a10e8fc7cf31d187",
   >   "latest"
   > ]
[2024/08/11 10:30:11.965] -    >  eth_getTransactionCount: [
   >   "0xf5cc397bbcf3184ec4f26362a10e8fc7cf31d187",
   >   "latest"
   > ]
[2024/08/11 10:30:12.025] -    >  eth_getTransactionCount: [
   >   "0x57be56fbd93098294b33252f919f3a4988bfad10",
   >   "latest"
   > ]
[2024/08/11 10:30:12.027] -    >  eth_getBalance: [
   >   "0x45c3275b1486f1b97b5e02561b6f98781d3689d8",
   >   "latest"
   > ]
[2024/08/11 10:30:12.029] -    >  eth_getTransactionCount: [
   >   "0x45c3275b1486f1b97b5e02561b6f98781d3689d8",
   >   "latest"
   > ]
[2024/08/11 10:30:12.032] -    >  eth_getBalance: [
   >   "0x1c7055e5d5bf577f3689eb1bd129edd3c121e8e6",
   >   "latest"
   > ]
[2024/08/11 10:30:12.034] -    >  eth_getTransactionCount: [
   >   "0x1c7055e5d5bf577f3689eb1bd129edd3c121e8e6",
   >   "latest"
   > ]
[2024/08/11 10:30:12.036] -    >  eth_getBalance: [
   >   "0x0c760d895a3171e54dbbb9a18e67014972088c77",
   >   "latest"
   > ]
[2024/08/11 10:30:12.040] -    >  eth_getTransactionCount: [
   >   "0x0c760d895a3171e54dbbb9a18e67014972088c77",
   >   "latest"
   > ]
[2024/08/11 10:30:12.043] -    >  eth_getBalance: [
   >   "0x794f98490bf0bd92b8de7a4b69095d80ec6fdcda",
   >   "latest"
   > ]
[2024/08/11 10:30:12.045] -    >  eth_getTransactionCount: [
   >   "0x794f98490bf0bd92b8de7a4b69095d80ec6fdcda",
   >   "latest"
   > ]
[2024/08/11 10:30:12.047] -    >  eth_getBalance: [
   >   "0x3fed8828db9aa18d25cd1e4993d391f77a6eae78",
   >   "latest"
   > ]
[2024/08/11 10:30:12.050] -    >  eth_getTransactionCount: [
   >   "0x3fed8828db9aa18d25cd1e4993d391f77a6eae78",
   >   "latest"
   > ]
[2024/08/11 10:30:12.052] -    >  eth_getBalance: [
   >   "0x668fc8f3f1c2c85cd4d11b43ccf3dda73a21a952",
   >   "latest"
   > ]
[2024/08/11 10:30:12.054] -    >  eth_getTransactionCount: [
   >   "0x668fc8f3f1c2c85cd4d11b43ccf3dda73a21a952",
   >   "latest"
   > ]
[2024/08/11 10:30:12.056] -    >  eth_getBalance: [
   >   "0x230522813c2f5474ff022649600998137c18b816",
   >   "latest"
   > ]
[2024/08/11 10:30:12.058] -    >  eth_getTransactionCount: [
   >   "0x230522813c2f5474ff022649600998137c18b816",
   >   "latest"
   > ]
[2024/08/11 10:30:12.060] -    >  eth_getBalance: [
   >   "0x981dca2746ccd296a3bd9ce831cc9746ee02df63",
   >   "latest"
   > ]
[2024/08/11 10:30:12.063] -    >  eth_getTransactionCount: [
   >   "0x981dca2746ccd296a3bd9ce831cc9746ee02df63",
   >   "latest"
   > ]
[2024/08/11 10:30:12.065] -    >  eth_getBalance: [
   >   "0xf5cc397bbcf3184ec4f26362a10e8fc7cf31d187",
   >   "latest"
   > ]
[2024/08/11 10:30:12.067] -    >  eth_getTransactionCount: [
   >   "0xf5cc397bbcf3184ec4f26362a10e8fc7cf31d187",
   >   "latest"
   > ]
[2024/08/11 10:30:18.372] -    >  eth_chainId: []
[2024/08/11 10:30:18.386] -    >  eth_call: [
   >   {
   >     "to": "0xb67AbaeC373722828930Da4FAfA1579672b821f4",
   >     "data": "0x76ce7fe9000000000000000000000000000000000000000000000000000000000000000f"
   >   },
   >   "latest"
   > ]
[2024/08/11 10:35:39.072] -    >  eth_unsubscribe: [
   >   "0x3"
   > ]
[2024/08/11 10:35:39.073] -    >  eth_unsubscribe: [
   >   "0x4"
   > ]
