[2024/06/25 08:49:02.726] - Starting server with initial configuration: {"gasLimit":6721975,"gasPrice":20000000000,"hardfork":"merge","hostname":"127.0.0.1","port":7545,"network_id":5777,"default_balance_ether":100,"total_accounts":10,"unlocked_accounts":[],"locked":false,"vmErrorsOnRPCResponse":true,"verbose":true,"flavor":"ethereum","db_path":"C:\\Users\\mahad\\AppData\\Roaming\\Ganache\\ui\\workspaces\\FruitChain\\chaindata","mnemonic":"kitten initial salt lazy mask profit monitor innocent web chronic into accident","logDirectory":"C:\\Users\\mahad\\Desktop\\fruit_sell\\fruit_sell\\ganache"}
[2024/06/25 08:49:02.882] -    >  eth_getCode: [
   >   "0xb67abaec373722828930da4fafa1579672b821f4",
   >   "latest"
   > ]
[2024/06/25 08:49:02.884] -    >  eth_subscribe: [
   >   "newHeads"
   > ]
[2024/06/25 08:49:02.885] -    >  eth_getLogs: [
   >   {
   >     "fromBlock": null,
   >     "topics": []
   >   }
   > ]
[2024/06/25 08:49:02.887] -    >  eth_subscribe: [
   >   "logs",
   >   {
   >     "topics": []
   >   }
   > ]
[2024/06/25 08:49:02.961] -    >  eth_getCode: [
   >   "0xb67abaec373722828930da4fafa1579672b821f4",
   >   "latest"
   > ]
[2024/06/25 08:49:02.963] -    >  eth_subscribe: [
   >   "newHeads"
   > ]
[2024/06/25 08:49:02.964] -    >  eth_getLogs: [
   >   {
   >     "fromBlock": null,
   >     "topics": []
   >   }
   > ]
[2024/06/25 08:49:02.965] -    >  eth_subscribe: [
   >   "logs",
   >   {
   >     "topics": []
   >   }
   > ]
[2024/06/25 08:49:03.064] -    >  eth_blockNumber: []
[2024/06/25 08:49:03.065] -    >  eth_accounts: []
[2024/06/25 08:49:03.066] -    >  eth_gasPrice: []
[2024/06/25 08:49:03.066] -    >  eth_getBlockByNumber: [
   >   "latest",
   >   false
   > ]
[2024/06/25 08:49:03.067] -    >  eth_subscribe: [
   >   "newHeads"
   > ]
[2024/06/25 08:49:03.080] -    >  eth_accounts: []
[2024/06/25 08:49:03.116] -    >  eth_getBalance: [
   >   "0x57be56fbd93098294b33252f919f3a4988bfad10",
   >   "latest"
   > ]
[2024/06/25 08:49:03.120] -    >  eth_getTransactionCount: [
   >   "0x57be56fbd93098294b33252f919f3a4988bfad10",
   >   "latest"
   > ]
[2024/06/25 08:49:03.124] -    >  eth_getBalance: [
   >   "0x45c3275b1486f1b97b5e02561b6f98781d3689d8",
   >   "latest"
   > ]
[2024/06/25 08:49:03.127] -    >  eth_getTransactionCount: [
   >   "0x45c3275b1486f1b97b5e02561b6f98781d3689d8",
   >   "latest"
   > ]
[2024/06/25 08:49:03.130] -    >  eth_getBalance: [
   >   "0x1c7055e5d5bf577f3689eb1bd129edd3c121e8e6",
   >   "latest"
   > ]
[2024/06/25 08:49:03.133] -    >  eth_getTransactionCount: [
   >   "0x1c7055e5d5bf577f3689eb1bd129edd3c121e8e6",
   >   "latest"
   > ]
[2024/06/25 08:49:03.136] -    >  eth_getBalance: [
   >   "0x0c760d895a3171e54dbbb9a18e67014972088c77",
   >   "latest"
   > ]
[2024/06/25 08:49:03.139] -    >  eth_getTransactionCount: [
   >   "0x0c760d895a3171e54dbbb9a18e67014972088c77",
   >   "latest"
   > ]
[2024/06/25 08:49:03.144] -    >  eth_getBalance: [
   >   "0x794f98490bf0bd92b8de7a4b69095d80ec6fdcda",
   >   "latest"
   > ]
[2024/06/25 08:49:03.149] -    >  eth_getTransactionCount: [
   >   "0x794f98490bf0bd92b8de7a4b69095d80ec6fdcda",
   >   "latest"
   > ]
[2024/06/25 08:49:03.152] -    >  eth_getBalance: [
   >   "0x3fed8828db9aa18d25cd1e4993d391f77a6eae78",
   >   "latest"
   > ]
[2024/06/25 08:49:03.155] -    >  eth_getTransactionCount: [
   >   "0x3fed8828db9aa18d25cd1e4993d391f77a6eae78",
   >   "latest"
   > ]
[2024/06/25 08:49:03.158] -    >  eth_getBalance: [
   >   "0x668fc8f3f1c2c85cd4d11b43ccf3dda73a21a952",
   >   "latest"
   > ]
[2024/06/25 08:49:03.162] -    >  eth_getTransactionCount: [
   >   "0x668fc8f3f1c2c85cd4d11b43ccf3dda73a21a952",
   >   "latest"
   > ]
[2024/06/25 08:49:03.166] -    >  eth_getBalance: [
   >   "0x230522813c2f5474ff022649600998137c18b816",
   >   "latest"
   > ]
[2024/06/25 08:49:03.170] -    >  eth_getTransactionCount: [
   >   "0x230522813c2f5474ff022649600998137c18b816",
   >   "latest"
   > ]
[2024/06/25 08:49:03.173] -    >  eth_getBalance: [
   >   "0x981dca2746ccd296a3bd9ce831cc9746ee02df63",
   >   "latest"
   > ]
[2024/06/25 08:49:03.175] -    >  eth_getTransactionCount: [
   >   "0x981dca2746ccd296a3bd9ce831cc9746ee02df63",
   >   "latest"
   > ]
[2024/06/25 08:49:03.177] -    >  eth_getBalance: [
   >   "0xf5cc397bbcf3184ec4f26362a10e8fc7cf31d187",
   >   "latest"
   > ]
[2024/06/25 08:49:03.180] -    >  eth_getTransactionCount: [
   >   "0xf5cc397bbcf3184ec4f26362a10e8fc7cf31d187",
   >   "latest"
   > ]
[2024/06/25 08:49:03.191] -    >  eth_blockNumber: []
[2024/06/25 08:49:03.192] -    >  eth_accounts: []
[2024/06/25 08:49:03.192] -    >  eth_gasPrice: []
[2024/06/25 08:49:03.193] -    >  eth_getBlockByNumber: [
   >   "latest",
   >   false
   > ]
[2024/06/25 08:49:03.193] -    >  eth_subscribe: [
   >   "newHeads"
   > ]
[2024/06/25 08:49:03.215] -    >  eth_getTransactionCount: [
   >   "0x57be56fbd93098294b33252f919f3a4988bfad10",
   >   "latest"
   > ]
[2024/06/25 08:49:03.218] -    >  eth_getBalance: [
   >   "0x45c3275b1486f1b97b5e02561b6f98781d3689d8",
   >   "latest"
   > ]
[2024/06/25 08:49:03.221] -    >  eth_getTransactionCount: [
   >   "0x45c3275b1486f1b97b5e02561b6f98781d3689d8",
   >   "latest"
   > ]
[2024/06/25 08:49:03.223] -    >  eth_getBalance: [
   >   "0x1c7055e5d5bf577f3689eb1bd129edd3c121e8e6",
   >   "latest"
   > ]
[2024/06/25 08:49:03.225] -    >  eth_getTransactionCount: [
   >   "0x1c7055e5d5bf577f3689eb1bd129edd3c121e8e6",
   >   "latest"
   > ]
[2024/06/25 08:49:03.228] -    >  eth_getBalance: [
   >   "0x0c760d895a3171e54dbbb9a18e67014972088c77",
   >   "latest"
   > ]
[2024/06/25 08:49:03.230] -    >  eth_getTransactionCount: [
   >   "0x0c760d895a3171e54dbbb9a18e67014972088c77",
   >   "latest"
   > ]
[2024/06/25 08:49:03.233] -    >  eth_getBalance: [
   >   "0x794f98490bf0bd92b8de7a4b69095d80ec6fdcda",
   >   "latest"
   > ]
[2024/06/25 08:49:03.235] -    >  eth_getTransactionCount: [
   >   "0x794f98490bf0bd92b8de7a4b69095d80ec6fdcda",
   >   "latest"
   > ]
[2024/06/25 08:49:03.238] -    >  eth_getBalance: [
   >   "0x3fed8828db9aa18d25cd1e4993d391f77a6eae78",
   >   "latest"
   > ]
[2024/06/25 08:49:03.241] -    >  eth_getTransactionCount: [
   >   "0x3fed8828db9aa18d25cd1e4993d391f77a6eae78",
   >   "latest"
   > ]
[2024/06/25 08:49:03.244] -    >  eth_getBalance: [
   >   "0x668fc8f3f1c2c85cd4d11b43ccf3dda73a21a952",
   >   "latest"
   > ]
[2024/06/25 08:49:03.247] -    >  eth_getTransactionCount: [
   >   "0x668fc8f3f1c2c85cd4d11b43ccf3dda73a21a952",
   >   "latest"
   > ]
[2024/06/25 08:49:03.250] -    >  eth_getBalance: [
   >   "0x230522813c2f5474ff022649600998137c18b816",
   >   "latest"
   > ]
[2024/06/25 08:49:03.253] -    >  eth_getTransactionCount: [
   >   "0x230522813c2f5474ff022649600998137c18b816",
   >   "latest"
   > ]
[2024/06/25 08:49:03.256] -    >  eth_getBalance: [
   >   "0x981dca2746ccd296a3bd9ce831cc9746ee02df63",
   >   "latest"
   > ]
[2024/06/25 08:49:03.258] -    >  eth_getTransactionCount: [
   >   "0x981dca2746ccd296a3bd9ce831cc9746ee02df63",
   >   "latest"
   > ]
[2024/06/25 08:49:03.261] -    >  eth_getBalance: [
   >   "0xf5cc397bbcf3184ec4f26362a10e8fc7cf31d187",
   >   "latest"
   > ]
[2024/06/25 08:49:03.264] -    >  eth_getTransactionCount: [
   >   "0xf5cc397bbcf3184ec4f26362a10e8fc7cf31d187",
   >   "latest"
   > ]
[2024/06/25 08:49:03.451] -    >  eth_getBalance: [
   >   "0x57be56fbd93098294b33252f919f3a4988bfad10",
   >   "latest"
   > ]
[2024/06/25 08:49:03.457] -    >  eth_getTransactionCount: [
   >   "0x57be56fbd93098294b33252f919f3a4988bfad10",
   >   "latest"
   > ]
[2024/06/25 08:49:03.461] -    >  eth_getBalance: [
   >   "0x45c3275b1486f1b97b5e02561b6f98781d3689d8",
   >   "latest"
   > ]
[2024/06/25 08:49:03.465] -    >  eth_getTransactionCount: [
   >   "0x45c3275b1486f1b97b5e02561b6f98781d3689d8",
   >   "latest"
   > ]
[2024/06/25 08:49:03.469] -    >  eth_getBalance: [
   >   "0x1c7055e5d5bf577f3689eb1bd129edd3c121e8e6",
   >   "latest"
   > ]
[2024/06/25 08:49:03.473] -    >  eth_getTransactionCount: [
   >   "0x1c7055e5d5bf577f3689eb1bd129edd3c121e8e6",
   >   "latest"
   > ]
[2024/06/25 08:49:03.477] -    >  eth_getBalance: [
   >   "0x0c760d895a3171e54dbbb9a18e67014972088c77",
   >   "latest"
   > ]
[2024/06/25 08:49:03.480] -    >  eth_getTransactionCount: [
   >   "0x0c760d895a3171e54dbbb9a18e67014972088c77",
   >   "latest"
   > ]
[2024/06/25 08:49:03.484] -    >  eth_getBalance: [
   >   "0x794f98490bf0bd92b8de7a4b69095d80ec6fdcda",
   >   "latest"
   > ]
[2024/06/25 08:49:03.487] -    >  eth_getTransactionCount: [
   >   "0x794f98490bf0bd92b8de7a4b69095d80ec6fdcda",
   >   "latest"
   > ]
[2024/06/25 08:49:03.490] -    >  eth_getBalance: [
   >   "0x3fed8828db9aa18d25cd1e4993d391f77a6eae78",
   >   "latest"
   > ]
[2024/06/25 08:49:03.493] -    >  eth_getTransactionCount: [
   >   "0x3fed8828db9aa18d25cd1e4993d391f77a6eae78",
   >   "latest"
   > ]
[2024/06/25 08:49:03.498] -    >  eth_getBalance: [
   >   "0x668fc8f3f1c2c85cd4d11b43ccf3dda73a21a952",
   >   "latest"
   > ]
[2024/06/25 08:49:03.503] -    >  eth_getTransactionCount: [
   >   "0x668fc8f3f1c2c85cd4d11b43ccf3dda73a21a952",
   >   "latest"
   > ]
[2024/06/25 08:49:03.507] -    >  eth_getBalance: [
   >   "0x230522813c2f5474ff022649600998137c18b816",
   >   "latest"
   > ]
[2024/06/25 08:49:03.511] -    >  eth_getTransactionCount: [
   >   "0x230522813c2f5474ff022649600998137c18b816",
   >   "latest"
   > ]
[2024/06/25 08:49:03.515] -    >  eth_getBalance: [
   >   "0x981dca2746ccd296a3bd9ce831cc9746ee02df63",
   >   "latest"
   > ]
[2024/06/25 08:49:03.520] -    >  eth_getTransactionCount: [
   >   "0x981dca2746ccd296a3bd9ce831cc9746ee02df63",
   >   "latest"
   > ]
[2024/06/25 08:49:03.524] -    >  eth_getBalance: [
   >   "0xf5cc397bbcf3184ec4f26362a10e8fc7cf31d187",
   >   "latest"
   > ]
[2024/06/25 08:49:03.527] -    >  eth_getTransactionCount: [
   >   "0xf5cc397bbcf3184ec4f26362a10e8fc7cf31d187",
   >   "latest"
   > ]
[2024/06/25 08:49:03.530] -    >  eth_getBalance: [
   >   "0x57be56fbd93098294b33252f919f3a4988bfad10",
   >   "latest"
   > ]
[2024/06/25 08:49:03.534] -    >  eth_getTransactionCount: [
   >   "0x57be56fbd93098294b33252f919f3a4988bfad10",
   >   "latest"
   > ]
[2024/06/25 08:49:03.536] -    >  eth_getBalance: [
   >   "0x45c3275b1486f1b97b5e02561b6f98781d3689d8",
   >   "latest"
   > ]
[2024/06/25 08:49:03.538] -    >  eth_getTransactionCount: [
   >   "0x45c3275b1486f1b97b5e02561b6f98781d3689d8",
   >   "latest"
   > ]
[2024/06/25 08:49:03.540] -    >  eth_getBalance: [
   >   "0x1c7055e5d5bf577f3689eb1bd129edd3c121e8e6",
   >   "latest"
   > ]
[2024/06/25 08:49:03.542] -    >  eth_getTransactionCount: [
   >   "0x1c7055e5d5bf577f3689eb1bd129edd3c121e8e6",
   >   "latest"
   > ]
[2024/06/25 08:49:03.544] -    >  eth_getBalance: [
   >   "0x0c760d895a3171e54dbbb9a18e67014972088c77",
   >   "latest"
   > ]
[2024/06/25 08:49:03.546] -    >  eth_getTransactionCount: [
   >   "0x0c760d895a3171e54dbbb9a18e67014972088c77",
   >   "latest"
   > ]
[2024/06/25 08:49:03.548] -    >  eth_getBalance: [
   >   "0x794f98490bf0bd92b8de7a4b69095d80ec6fdcda",
   >   "latest"
   > ]
[2024/06/25 08:49:03.550] -    >  eth_getTransactionCount: [
   >   "0x794f98490bf0bd92b8de7a4b69095d80ec6fdcda",
   >   "latest"
   > ]
[2024/06/25 08:49:03.553] -    >  eth_getBalance: [
   >   "0x3fed8828db9aa18d25cd1e4993d391f77a6eae78",
   >   "latest"
   > ]
[2024/06/25 08:49:03.556] -    >  eth_getTransactionCount: [
   >   "0x3fed8828db9aa18d25cd1e4993d391f77a6eae78",
   >   "latest"
   > ]
[2024/06/25 08:49:03.558] -    >  eth_getBalance: [
   >   "0x668fc8f3f1c2c85cd4d11b43ccf3dda73a21a952",
   >   "latest"
   > ]
[2024/06/25 08:49:03.560] -    >  eth_getTransactionCount: [
   >   "0x668fc8f3f1c2c85cd4d11b43ccf3dda73a21a952",
   >   "latest"
   > ]
[2024/06/25 08:49:03.562] -    >  eth_getBalance: [
   >   "0x230522813c2f5474ff022649600998137c18b816",
   >   "latest"
   > ]
[2024/06/25 08:49:03.564] -    >  eth_getTransactionCount: [
   >   "0x230522813c2f5474ff022649600998137c18b816",
   >   "latest"
   > ]
[2024/06/25 08:49:03.567] -    >  eth_getBalance: [
   >   "0x981dca2746ccd296a3bd9ce831cc9746ee02df63",
   >   "latest"
   > ]
[2024/06/25 08:49:03.569] -    >  eth_getTransactionCount: [
   >   "0x981dca2746ccd296a3bd9ce831cc9746ee02df63",
   >   "latest"
   > ]
[2024/06/25 08:49:03.571] -    >  eth_getBalance: [
   >   "0xf5cc397bbcf3184ec4f26362a10e8fc7cf31d187",
   >   "latest"
   > ]
[2024/06/25 08:49:03.575] -    >  eth_getTransactionCount: [
   >   "0xf5cc397bbcf3184ec4f26362a10e8fc7cf31d187",
   >   "latest"
   > ]
[2024/06/25 08:49:04.998] -    >  eth_getBlockByNumber: [
   >   "0x13",
   >   false
   > ]
[2024/06/25 08:49:05.016] -    >  eth_getBlockByNumber: [
   >   "0x14",
   >   false
   > ]
[2024/06/25 08:49:05.026] -    >  eth_getBlockByNumber: [
   >   "0x15",
   >   false
   > ]
[2024/06/25 08:49:05.046] -    >  eth_getBlockByNumber: [
   >   "0x16",
   >   false
   > ]
[2024/06/25 08:49:05.055] -    >  eth_getBlockByNumber: [
   >   "0x17",
   >   false
   > ]
[2024/06/25 08:49:05.062] -    >  eth_getBlockByNumber: [
   >   "0x18",
   >   false
   > ]
[2024/06/25 08:49:05.069] -    >  eth_getBlockByNumber: [
   >   "0x19",
   >   false
   > ]
[2024/06/25 08:49:05.076] -    >  eth_getBlockByNumber: [
   >   "0x1a",
   >   false
   > ]
[2024/06/25 08:49:05.085] -    >  eth_getBlockByNumber: [
   >   "0x1b",
   >   false
   > ]
[2024/06/25 08:49:05.091] -    >  eth_getBlockByNumber: [
   >   "0x1c",
   >   false
   > ]
[2024/06/25 08:49:05.097] -    >  eth_getBlockByNumber: [
   >   "0x1d",
   >   false
   > ]
[2024/06/25 08:49:05.106] -    >  eth_getLogs: [
   >   {
   >     "fromBlock": "0x13",
   >     "toBlock": "0x1d",
   >     "topics": []
   >   }
   > ]
[2024/06/25 08:49:05.147] -    >  net_version: []
[2024/06/25 08:49:05.152] -    >  eth_getCode: [
   >   "0xb67abaec373722828930da4fafa1579672b821f4",
   >   "latest"
   > ]
[2024/06/25 08:49:05.178] -    >  net_version: []
[2024/06/25 08:49:05.181] -    >  eth_getCode: [
   >   "0xb67abaec373722828930da4fafa1579672b821f4",
   >   "latest"
   > ]
[2024/06/25 08:49:05.209] -    >  net_version: []
[2024/06/25 08:49:05.212] -    >  eth_getCode: [
   >   "0xb67abaec373722828930da4fafa1579672b821f4",
   >   "latest"
   > ]
[2024/06/25 08:49:05.240] -    >  net_version: []
[2024/06/25 08:49:05.245] -    >  eth_getCode: [
   >   "0xb67abaec373722828930da4fafa1579672b821f4",
   >   "latest"
   > ]
[2024/06/25 08:49:05.286] -    >  net_version: []
[2024/06/25 08:49:05.290] -    >  eth_getCode: [
   >   "0xb67abaec373722828930da4fafa1579672b821f4",
   >   "latest"
   > ]
[2024/06/25 08:49:05.333] -    >  net_version: []
[2024/06/25 08:49:05.336] -    >  eth_getCode: [
   >   "0xb67abaec373722828930da4fafa1579672b821f4",
   >   "latest"
   > ]
[2024/06/25 08:49:05.380] -    >  net_version: []
[2024/06/25 08:49:05.384] -    >  eth_getCode: [
   >   "0xb67abaec373722828930da4fafa1579672b821f4",
   >   "latest"
   > ]
[2024/06/25 08:49:05.427] -    >  net_version: []
[2024/06/25 08:49:05.431] -    >  eth_getCode: [
   >   "0xb67abaec373722828930da4fafa1579672b821f4",
   >   "latest"
   > ]
[2024/06/25 08:49:05.474] -    >  net_version: []
[2024/06/25 08:49:05.490] -    >  eth_getCode: [
   >   "0xb67abaec373722828930da4fafa1579672b821f4",
   >   "latest"
   > ]
[2024/06/25 08:49:05.521] -    >  net_version: []
[2024/06/25 08:49:05.523] -    >  eth_getCode: [
   >   "0xb67abaec373722828930da4fafa1579672b821f4",
   >   "latest"
   > ]
[2024/06/25 08:49:05.553] -    >  net_version: []
[2024/06/25 08:49:05.555] -    >  eth_getCode: [
   >   "0xb67abaec373722828930da4fafa1579672b821f4",
   >   "latest"
   > ]
[2024/06/25 08:53:25.833] -    >  eth_unsubscribe: [
   >   "0x3"
   > ]
[2024/06/25 08:53:25.834] -    >  eth_unsubscribe: [
   >   "0x4"
   > ]
