[2024/06/24 07:03:39.736] - Starting server with initial configuration: {"gasLimit":6721975,"gasPrice":20000000000,"hardfork":"merge","hostname":"127.0.0.1","port":7545,"network_id":5777,"default_balance_ether":100,"total_accounts":10,"unlocked_accounts":[],"locked":false,"vmErrorsOnRPCResponse":true,"verbose":true,"flavor":"ethereum","db_path":"C:\\Users\\mahad\\AppData\\Roaming\\Ganache\\ui\\workspaces\\FruitChain\\chaindata","mnemonic":"kitten initial salt lazy mask profit monitor innocent web chronic into accident","logDirectory":"C:\\Users\\mahad\\Desktop\\fruit_sell\\fruit_sell\\ganache"}
[2024/06/24 07:03:39.907] -    >  eth_getCode: [
   >   "0xb67abaec373722828930da4fafa1579672b821f4",
   >   "latest"
   > ]
[2024/06/24 07:03:39.909] -    >  eth_subscribe: [
   >   "newHeads"
   > ]
[2024/06/24 07:03:39.910] -    >  eth_getLogs: [
   >   {
   >     "fromBlock": null,
   >     "topics": []
   >   }
   > ]
[2024/06/24 07:03:39.911] -    >  eth_subscribe: [
   >   "logs",
   >   {
   >     "topics": []
   >   }
   > ]
[2024/06/24 07:03:39.970] -    >  eth_subscribe: [
   >   "newHeads"
   > ]
[2024/06/24 07:03:39.971] -    >  eth_getLogs: [
   >   {
   >     "fromBlock": null,
   >     "topics": []
   >   }
   > ]
[2024/06/24 07:03:39.972] -    >  eth_subscribe: [
   >   "logs",
   >   {
   >     "topics": []
   >   }
   > ]
[2024/06/24 07:03:39.973] -    >  eth_getCode: [
   >   "0xb67abaec373722828930da4fafa1579672b821f4",
   >   "latest"
   > ]
[2024/06/24 07:03:40.037] -    >  eth_getBlockByNumber: [
   >   "latest",
   >   false
   > ]
[2024/06/24 07:03:40.039] -    >  eth_subscribe: [
   >   "newHeads"
   > ]
[2024/06/24 07:03:40.045] -    >  eth_blockNumber: []
[2024/06/24 07:03:40.046] -    >  eth_accounts: []
[2024/06/24 07:03:40.046] -    >  eth_gasPrice: []
[2024/06/24 07:03:40.047] -    >  eth_getBlockByNumber: [
   >   "latest",
   >   false
   > ]
[2024/06/24 07:03:40.063] -    >  eth_subscribe: [
   >   "newHeads"
   > ]
[2024/06/24 07:03:40.064] -    >  eth_blockNumber: []
[2024/06/24 07:03:40.065] -    >  eth_accounts: []
[2024/06/24 07:03:40.065] -    >  eth_gasPrice: []
[2024/06/24 07:03:40.096] -    >  eth_getBalance: [
   >   "0x57be56fbd93098294b33252f919f3a4988bfad10",
   >   "latest"
   > ]
[2024/06/24 07:03:40.100] -    >  eth_getTransactionCount: [
   >   "0x57be56fbd93098294b33252f919f3a4988bfad10",
   >   "latest"
   > ]
[2024/06/24 07:03:40.104] -    >  eth_getBalance: [
   >   "0x45c3275b1486f1b97b5e02561b6f98781d3689d8",
   >   "latest"
   > ]
[2024/06/24 07:03:40.108] -    >  eth_getTransactionCount: [
   >   "0x45c3275b1486f1b97b5e02561b6f98781d3689d8",
   >   "latest"
   > ]
[2024/06/24 07:03:40.113] -    >  eth_getBalance: [
   >   "0x1c7055e5d5bf577f3689eb1bd129edd3c121e8e6",
   >   "latest"
   > ]
[2024/06/24 07:03:40.117] -    >  eth_getTransactionCount: [
   >   "0x1c7055e5d5bf577f3689eb1bd129edd3c121e8e6",
   >   "latest"
   > ]
[2024/06/24 07:03:40.120] -    >  eth_getBalance: [
   >   "0x0c760d895a3171e54dbbb9a18e67014972088c77",
   >   "latest"
   > ]
[2024/06/24 07:03:40.124] -    >  eth_getTransactionCount: [
   >   "0x0c760d895a3171e54dbbb9a18e67014972088c77",
   >   "latest"
   > ]
[2024/06/24 07:03:40.128] -    >  eth_getBalance: [
   >   "0x794f98490bf0bd92b8de7a4b69095d80ec6fdcda",
   >   "latest"
   > ]
[2024/06/24 07:03:40.133] -    >  eth_getTransactionCount: [
   >   "0x794f98490bf0bd92b8de7a4b69095d80ec6fdcda",
   >   "latest"
   > ]
[2024/06/24 07:03:40.136] -    >  eth_getBalance: [
   >   "0x3fed8828db9aa18d25cd1e4993d391f77a6eae78",
   >   "latest"
   > ]
[2024/06/24 07:03:40.139] -    >  eth_getTransactionCount: [
   >   "0x3fed8828db9aa18d25cd1e4993d391f77a6eae78",
   >   "latest"
   > ]
[2024/06/24 07:03:40.142] -    >  eth_getBalance: [
   >   "0x668fc8f3f1c2c85cd4d11b43ccf3dda73a21a952",
   >   "latest"
   > ]
[2024/06/24 07:03:40.146] -    >  eth_getTransactionCount: [
   >   "0x668fc8f3f1c2c85cd4d11b43ccf3dda73a21a952",
   >   "latest"
   > ]
[2024/06/24 07:03:40.150] -    >  eth_getBalance: [
   >   "0x230522813c2f5474ff022649600998137c18b816",
   >   "latest"
   > ]
[2024/06/24 07:03:40.153] -    >  eth_getTransactionCount: [
   >   "0x230522813c2f5474ff022649600998137c18b816",
   >   "latest"
   > ]
[2024/06/24 07:03:40.156] -    >  eth_getBalance: [
   >   "0x981dca2746ccd296a3bd9ce831cc9746ee02df63",
   >   "latest"
   > ]
[2024/06/24 07:03:40.159] -    >  eth_getTransactionCount: [
   >   "0x981dca2746ccd296a3bd9ce831cc9746ee02df63",
   >   "latest"
   > ]
[2024/06/24 07:03:40.162] -    >  eth_getBalance: [
   >   "0xf5cc397bbcf3184ec4f26362a10e8fc7cf31d187",
   >   "latest"
   > ]
[2024/06/24 07:03:40.164] -    >  eth_getTransactionCount: [
   >   "0xf5cc397bbcf3184ec4f26362a10e8fc7cf31d187",
   >   "latest"
   > ]
[2024/06/24 07:03:40.166] -    >  eth_getBalance: [
   >   "0x57be56fbd93098294b33252f919f3a4988bfad10",
   >   "latest"
   > ]
[2024/06/24 07:03:40.169] -    >  eth_getTransactionCount: [
   >   "0x57be56fbd93098294b33252f919f3a4988bfad10",
   >   "latest"
   > ]
[2024/06/24 07:03:40.171] -    >  eth_getBalance: [
   >   "0x45c3275b1486f1b97b5e02561b6f98781d3689d8",
   >   "latest"
   > ]
[2024/06/24 07:03:40.173] -    >  eth_getTransactionCount: [
   >   "0x45c3275b1486f1b97b5e02561b6f98781d3689d8",
   >   "latest"
   > ]
[2024/06/24 07:03:40.175] -    >  eth_getBalance: [
   >   "0x1c7055e5d5bf577f3689eb1bd129edd3c121e8e6",
   >   "latest"
   > ]
[2024/06/24 07:03:40.178] -    >  eth_getTransactionCount: [
   >   "0x1c7055e5d5bf577f3689eb1bd129edd3c121e8e6",
   >   "latest"
   > ]
[2024/06/24 07:03:40.180] -    >  eth_getBalance: [
   >   "0x0c760d895a3171e54dbbb9a18e67014972088c77",
   >   "latest"
   > ]
[2024/06/24 07:03:40.184] -    >  eth_getTransactionCount: [
   >   "0x0c760d895a3171e54dbbb9a18e67014972088c77",
   >   "latest"
   > ]
[2024/06/24 07:03:40.187] -    >  eth_getBalance: [
   >   "0x794f98490bf0bd92b8de7a4b69095d80ec6fdcda",
   >   "latest"
   > ]
[2024/06/24 07:03:40.189] -    >  eth_getTransactionCount: [
   >   "0x794f98490bf0bd92b8de7a4b69095d80ec6fdcda",
   >   "latest"
   > ]
[2024/06/24 07:03:40.192] -    >  eth_getBalance: [
   >   "0x3fed8828db9aa18d25cd1e4993d391f77a6eae78",
   >   "latest"
   > ]
[2024/06/24 07:03:40.195] -    >  eth_getTransactionCount: [
   >   "0x3fed8828db9aa18d25cd1e4993d391f77a6eae78",
   >   "latest"
   > ]
[2024/06/24 07:03:40.197] -    >  eth_getBalance: [
   >   "0x668fc8f3f1c2c85cd4d11b43ccf3dda73a21a952",
   >   "latest"
   > ]
[2024/06/24 07:03:40.200] -    >  eth_getTransactionCount: [
   >   "0x668fc8f3f1c2c85cd4d11b43ccf3dda73a21a952",
   >   "latest"
   > ]
[2024/06/24 07:03:40.203] -    >  eth_getBalance: [
   >   "0x230522813c2f5474ff022649600998137c18b816",
   >   "latest"
   > ]
[2024/06/24 07:03:40.205] -    >  eth_getTransactionCount: [
   >   "0x230522813c2f5474ff022649600998137c18b816",
   >   "latest"
   > ]
[2024/06/24 07:03:40.209] -    >  eth_getBalance: [
   >   "0x981dca2746ccd296a3bd9ce831cc9746ee02df63",
   >   "latest"
   > ]
[2024/06/24 07:03:40.212] -    >  eth_getTransactionCount: [
   >   "0x981dca2746ccd296a3bd9ce831cc9746ee02df63",
   >   "latest"
   > ]
[2024/06/24 07:03:40.214] -    >  eth_getBalance: [
   >   "0xf5cc397bbcf3184ec4f26362a10e8fc7cf31d187",
   >   "latest"
   > ]
[2024/06/24 07:03:40.218] -    >  eth_getTransactionCount: [
   >   "0xf5cc397bbcf3184ec4f26362a10e8fc7cf31d187",
   >   "latest"
   > ]
[2024/06/24 07:03:40.256] -    >  eth_getBalance: [
   >   "0x57be56fbd93098294b33252f919f3a4988bfad10",
   >   "latest"
   > ]
[2024/06/24 07:03:40.259] -    >  eth_getTransactionCount: [
   >   "0x57be56fbd93098294b33252f919f3a4988bfad10",
   >   "latest"
   > ]
[2024/06/24 07:03:40.262] -    >  eth_getBalance: [
   >   "0x45c3275b1486f1b97b5e02561b6f98781d3689d8",
   >   "latest"
   > ]
[2024/06/24 07:03:40.267] -    >  eth_getTransactionCount: [
   >   "0x45c3275b1486f1b97b5e02561b6f98781d3689d8",
   >   "latest"
   > ]
[2024/06/24 07:03:40.270] -    >  eth_getBalance: [
   >   "0x1c7055e5d5bf577f3689eb1bd129edd3c121e8e6",
   >   "latest"
   > ]
[2024/06/24 07:03:40.273] -    >  eth_getTransactionCount: [
   >   "0x1c7055e5d5bf577f3689eb1bd129edd3c121e8e6",
   >   "latest"
   > ]
[2024/06/24 07:03:40.276] -    >  eth_getBalance: [
   >   "0x0c760d895a3171e54dbbb9a18e67014972088c77",
   >   "latest"
   > ]
[2024/06/24 07:03:40.280] -    >  eth_getTransactionCount: [
   >   "0x0c760d895a3171e54dbbb9a18e67014972088c77",
   >   "latest"
   > ]
[2024/06/24 07:03:40.284] -    >  eth_getBalance: [
   >   "0x794f98490bf0bd92b8de7a4b69095d80ec6fdcda",
   >   "latest"
   > ]
[2024/06/24 07:03:40.287] -    >  eth_getTransactionCount: [
   >   "0x794f98490bf0bd92b8de7a4b69095d80ec6fdcda",
   >   "latest"
   > ]
[2024/06/24 07:03:40.290] -    >  eth_getBalance: [
   >   "0x3fed8828db9aa18d25cd1e4993d391f77a6eae78",
   >   "latest"
   > ]
[2024/06/24 07:03:40.292] -    >  eth_getTransactionCount: [
   >   "0x3fed8828db9aa18d25cd1e4993d391f77a6eae78",
   >   "latest"
   > ]
[2024/06/24 07:03:40.295] -    >  eth_getBalance: [
   >   "0x668fc8f3f1c2c85cd4d11b43ccf3dda73a21a952",
   >   "latest"
   > ]
[2024/06/24 07:03:40.298] -    >  eth_getTransactionCount: [
   >   "0x668fc8f3f1c2c85cd4d11b43ccf3dda73a21a952",
   >   "latest"
   > ]
[2024/06/24 07:03:40.304] -    >  eth_getBalance: [
   >   "0x230522813c2f5474ff022649600998137c18b816",
   >   "latest"
   > ]
[2024/06/24 07:03:40.309] -    >  eth_getTransactionCount: [
   >   "0x230522813c2f5474ff022649600998137c18b816",
   >   "latest"
   > ]
[2024/06/24 07:03:40.313] -    >  eth_getBalance: [
   >   "0x981dca2746ccd296a3bd9ce831cc9746ee02df63",
   >   "latest"
   > ]
[2024/06/24 07:03:40.317] -    >  eth_getTransactionCount: [
   >   "0x981dca2746ccd296a3bd9ce831cc9746ee02df63",
   >   "latest"
   > ]
[2024/06/24 07:03:40.321] -    >  eth_getBalance: [
   >   "0xf5cc397bbcf3184ec4f26362a10e8fc7cf31d187",
   >   "latest"
   > ]
[2024/06/24 07:03:40.324] -    >  eth_getTransactionCount: [
   >   "0xf5cc397bbcf3184ec4f26362a10e8fc7cf31d187",
   >   "latest"
   > ]
[2024/06/24 07:03:40.326] -    >  eth_getBalance: [
   >   "0x57be56fbd93098294b33252f919f3a4988bfad10",
   >   "latest"
   > ]
[2024/06/24 07:03:40.329] -    >  eth_getTransactionCount: [
   >   "0x57be56fbd93098294b33252f919f3a4988bfad10",
   >   "latest"
   > ]
[2024/06/24 07:03:40.333] -    >  eth_getBalance: [
   >   "0x45c3275b1486f1b97b5e02561b6f98781d3689d8",
   >   "latest"
   > ]
[2024/06/24 07:03:40.337] -    >  eth_getTransactionCount: [
   >   "0x45c3275b1486f1b97b5e02561b6f98781d3689d8",
   >   "latest"
   > ]
[2024/06/24 07:03:40.343] -    >  eth_getBalance: [
   >   "0x1c7055e5d5bf577f3689eb1bd129edd3c121e8e6",
   >   "latest"
   > ]
[2024/06/24 07:03:40.351] -    >  eth_getTransactionCount: [
   >   "0x1c7055e5d5bf577f3689eb1bd129edd3c121e8e6",
   >   "latest"
   > ]
[2024/06/24 07:03:40.355] -    >  eth_getBalance: [
   >   "0x0c760d895a3171e54dbbb9a18e67014972088c77",
   >   "latest"
   > ]
[2024/06/24 07:03:40.361] -    >  eth_getTransactionCount: [
   >   "0x0c760d895a3171e54dbbb9a18e67014972088c77",
   >   "latest"
   > ]
[2024/06/24 07:03:40.367] -    >  eth_getBalance: [
   >   "0x794f98490bf0bd92b8de7a4b69095d80ec6fdcda",
   >   "latest"
   > ]
[2024/06/24 07:03:40.375] -    >  eth_getTransactionCount: [
   >   "0x794f98490bf0bd92b8de7a4b69095d80ec6fdcda",
   >   "latest"
   > ]
[2024/06/24 07:03:40.380] -    >  eth_getBalance: [
   >   "0x3fed8828db9aa18d25cd1e4993d391f77a6eae78",
   >   "latest"
   > ]
[2024/06/24 07:03:40.388] -    >  eth_getTransactionCount: [
   >   "0x3fed8828db9aa18d25cd1e4993d391f77a6eae78",
   >   "latest"
   > ]
[2024/06/24 07:03:40.393] -    >  eth_getBalance: [
   >   "0x668fc8f3f1c2c85cd4d11b43ccf3dda73a21a952",
   >   "latest"
   > ]
[2024/06/24 07:03:40.397] -    >  eth_getTransactionCount: [
   >   "0x668fc8f3f1c2c85cd4d11b43ccf3dda73a21a952",
   >   "latest"
   > ]
[2024/06/24 07:03:40.402] -    >  eth_getBalance: [
   >   "0x230522813c2f5474ff022649600998137c18b816",
   >   "latest"
   > ]
[2024/06/24 07:03:40.407] -    >  eth_getTransactionCount: [
   >   "0x230522813c2f5474ff022649600998137c18b816",
   >   "latest"
   > ]
[2024/06/24 07:03:40.412] -    >  eth_getBalance: [
   >   "0x981dca2746ccd296a3bd9ce831cc9746ee02df63",
   >   "latest"
   > ]
[2024/06/24 07:03:40.415] -    >  eth_getTransactionCount: [
   >   "0x981dca2746ccd296a3bd9ce831cc9746ee02df63",
   >   "latest"
   > ]
[2024/06/24 07:03:40.418] -    >  eth_getBalance: [
   >   "0xf5cc397bbcf3184ec4f26362a10e8fc7cf31d187",
   >   "latest"
   > ]
[2024/06/24 07:03:40.421] -    >  eth_getTransactionCount: [
   >   "0xf5cc397bbcf3184ec4f26362a10e8fc7cf31d187",
   >   "latest"
   > ]
[2024/06/24 07:03:43.846] -    >  eth_chainId: []
[2024/06/24 07:03:43.863] -    >  eth_call: [
   >   {
   >     "to": "0xb67AbaeC373722828930Da4FAfA1579672b821f4",
   >     "data": "0x76ce7fe9000000000000000000000000000000000000000000000000000000000000000f"
   >   },
   >   "latest"
   > ]
[2024/06/24 07:03:45.856] -    >  eth_chainId: []
[2024/06/24 07:03:45.865] -    >  eth_call: [
   >   {
   >     "to": "0xb67AbaeC373722828930Da4FAfA1579672b821f4",
   >     "data": "0x76ce7fe9000000000000000000000000000000000000000000000000000000000000000f"
   >   },
   >   "latest"
   > ]
[2024/06/24 07:03:46.712] -    >  eth_chainId: []
[2024/06/24 07:03:46.721] -    >  eth_call: [
   >   {
   >     "to": "0xb67AbaeC373722828930Da4FAfA1579672b821f4",
   >     "data": "0x76ce7fe9000000000000000000000000000000000000000000000000000000000000000f"
   >   },
   >   "latest"
   > ]
[2024/06/24 07:09:43.670] -    >  eth_chainId: []
[2024/06/24 07:09:43.679] -    >  eth_call: [
   >   {
   >     "to": "0xb67AbaeC373722828930Da4FAfA1579672b821f4",
   >     "data": "0x76ce7fe90000000000000000000000000000000000000000000000000000000000000010"
   >   },
   >   "latest"
   > ]
[2024/06/24 07:15:30.788] -    >  eth_chainId: []
[2024/06/24 07:15:30.798] -    >  eth_call: [
   >   {
   >     "to": "0xb67AbaeC373722828930Da4FAfA1579672b821f4",
   >     "data": "0x76ce7fe9000000000000000000000000000000000000000000000000000000000000000f"
   >   },
   >   "latest"
   > ]
[2024/06/24 07:16:40.999] -    >  eth_chainId: []
[2024/06/24 07:16:41.011] -    >  eth_call: [
   >   {
   >     "to": "0xb67AbaeC373722828930Da4FAfA1579672b821f4",
   >     "data": "0x76ce7fe90000000000000000000000000000000000000000000000000000000000000027"
   >   },
   >   "latest"
   > ]
[2024/06/24 07:18:45.056] -    >  eth_chainId: []
[2024/06/24 07:18:45.064] -    >  eth_call: [
   >   {
   >     "to": "0xb67AbaeC373722828930Da4FAfA1579672b821f4",
   >     "data": "0x76ce7fe9000000000000000000000000000000000000000000000000000000000000000f"
   >   },
   >   "latest"
   > ]
[2024/06/24 07:19:00.897] -    >  eth_chainId: []
[2024/06/24 07:19:00.902] -    >  eth_call: [
   >   {
   >     "to": "0xb67AbaeC373722828930Da4FAfA1579672b821f4",
   >     "data": "0x76ce7fe9000000000000000000000000000000000000000000000000000000000000000f"
   >   },
   >   "latest"
   > ]
[2024/06/24 07:24:08.779] -    >  eth_chainId: []
[2024/06/24 07:24:08.792] -    >  eth_call: [
   >   {
   >     "to": "0xb67AbaeC373722828930Da4FAfA1579672b821f4",
   >     "data": "0x76ce7fe90000000000000000000000000000000000000000000000000000000000000024"
   >   },
   >   "latest"
   > ]
[2024/06/24 07:24:22.801] -    >  eth_chainId: []
[2024/06/24 07:24:22.812] -    >  eth_call: [
   >   {
   >     "to": "0xb67AbaeC373722828930Da4FAfA1579672b821f4",
   >     "data": "0x76ce7fe90000000000000000000000000000000000000000000000000000000000000010"
   >   },
   >   "latest"
   > ]
[2024/06/24 07:25:28.267] -    >  eth_chainId: []
[2024/06/24 07:25:28.276] -    >  eth_call: [
   >   {
   >     "to": "0xb67AbaeC373722828930Da4FAfA1579672b821f4",
   >     "data": "0x76ce7fe9000000000000000000000000000000000000000000000000000000000000000f"
   >   },
   >   "latest"
   > ]
[2024/06/24 07:40:08.364] -    >  eth_chainId: []
[2024/06/24 07:40:08.375] -    >  eth_call: [
   >   {
   >     "to": "0xb67AbaeC373722828930Da4FAfA1579672b821f4",
   >     "data": "0x76ce7fe9000000000000000000000000000000000000000000000000000000000000002c"
   >   },
   >   "latest"
   > ]
[2024/06/24 10:45:54.206] -    >  eth_getBlockByNumber: [
   >   "0x1d",
   >   true
   > ]
[2024/06/24 10:45:54.232] -    >  eth_getTransactionReceipt: [
   >   "0xedc51a98b9479613c01b676a333f82ed185e6b409308f57579c2e30688a67b73"
   > ]
[2024/06/24 10:45:54.251] -    >  eth_getBlockByNumber: [
   >   "0x1c",
   >   true
   > ]
[2024/06/24 10:45:54.263] -    >  eth_getTransactionReceipt: [
   >   "0x67b0102c4d77f59385b60076d86c16603b1e4fa014f11b7cd1ee0a253ff381d6"
   > ]
[2024/06/24 10:45:54.273] -    >  eth_getBlockByNumber: [
   >   "0x1b",
   >   true
   > ]
[2024/06/24 10:45:54.282] -    >  eth_getTransactionReceipt: [
   >   "0xe7c9ece8d45abc08ae3c775d3134eca710624558f9a66a76a84549599c20612a"
   > ]
[2024/06/24 10:45:54.292] -    >  eth_getBlockByNumber: [
   >   "0x1a",
   >   true
   > ]
[2024/06/24 10:45:54.303] -    >  eth_getTransactionReceipt: [
   >   "0x0c4027aef263a3efd6361f53777c517dd1c5dd5bdfe9307673462b99303900e9"
   > ]
[2024/06/24 10:45:54.315] -    >  eth_getBlockByNumber: [
   >   "0x19",
   >   true
   > ]
[2024/06/24 10:45:54.324] -    >  eth_getTransactionReceipt: [
   >   "0xb13d205608518c98aec3b579745f93250d2e7a672fe8519172d7320459c7fed0"
   > ]
[2024/06/24 10:45:54.335] -    >  eth_getBlockByNumber: [
   >   "0x18",
   >   true
   > ]
[2024/06/24 10:45:54.347] -    >  eth_getTransactionReceipt: [
   >   "0xe69d5dc6be502137dd6931ef4163e540a62ec161d1c28eb174377f705bf0e3bf"
   > ]
[2024/06/24 10:45:54.357] -    >  eth_getBlockByNumber: [
   >   "0x17",
   >   true
   > ]
[2024/06/24 10:45:54.364] -    >  eth_getTransactionReceipt: [
   >   "0x73d8f90f52b141f6239150222601de833b4941f1d91e7d566f8d1826af5b1ec2"
   > ]
[2024/06/24 10:45:54.374] -    >  eth_getBlockByNumber: [
   >   "0x16",
   >   true
   > ]
[2024/06/24 10:45:54.382] -    >  eth_getTransactionReceipt: [
   >   "0xa5e78f7510d97bfa711da93dccdaf6195dcbc3fe69bfe5398e8c1ba1be08236d"
   > ]
[2024/06/24 10:45:54.392] -    >  eth_getBlockByNumber: [
   >   "0x15",
   >   true
   > ]
[2024/06/24 10:45:54.400] -    >  eth_getTransactionReceipt: [
   >   "0x3957296df89fa5ffa9155707ef18f890175d28f3be335cfd41e90259cb9386ab"
   > ]
[2024/06/24 10:45:54.410] -    >  eth_getBlockByNumber: [
   >   "0x14",
   >   true
   > ]
[2024/06/24 10:45:54.419] -    >  eth_getTransactionReceipt: [
   >   "0x61b7de0889258d0f8482e0e4096914f04367d639e33a977bab42b45e4883b670"
   > ]
[2024/06/24 10:45:54.429] -    >  eth_getBlockByNumber: [
   >   "0x13",
   >   true
   > ]
[2024/06/24 10:45:54.437] -    >  eth_getTransactionReceipt: [
   >   "0x68a27f7f89e25256bc578ae4d19d202ac734213b1e5b10f45f495922bda6a47f"
   > ]
[2024/06/24 10:45:57.471] -    >  eth_getBlockByNumber: [
   >   "0x12",
   >   true
   > ]
[2024/06/24 10:45:57.504] -    >  eth_getTransactionReceipt: [
   >   "0xcfcb4a3f5ebf0ab19c1c6b3e5c06a15c0ac276f2507325801a64fb035c242583"
   > ]
[2024/06/24 10:45:57.519] -    >  eth_getBlockByNumber: [
   >   "0x11",
   >   true
   > ]
[2024/06/24 10:45:57.528] -    >  eth_getTransactionReceipt: [
   >   "0x4cfd1e76ce52badf5e6e0d9aa3f86df2c65cdf1d5ba381d15301aacb00ee58a9"
   > ]
[2024/06/24 10:45:57.537] -    >  eth_getBlockByNumber: [
   >   "0x10",
   >   true
   > ]
[2024/06/24 10:45:57.546] -    >  eth_getTransactionReceipt: [
   >   "0x01cb19aa6a23ba40b6f1b786d7bf3ad2b5350eca1aa2e897bee845c0bd68845a"
   > ]
[2024/06/24 10:45:57.556] -    >  eth_getBlockByNumber: [
   >   "0xf",
   >   true
   > ]
[2024/06/24 10:45:57.568] -    >  eth_getTransactionReceipt: [
   >   "0x07d663d7d4314e4dc1639036b8d927d4d39a5c59acf2b0fe27b40e5e408ff9d2"
   > ]
[2024/06/24 10:45:57.579] -    >  eth_getBlockByNumber: [
   >   "0xe",
   >   true
   > ]
[2024/06/24 10:45:57.587] -    >  eth_getTransactionReceipt: [
   >   "0x5ba9045b12324b08450d704147888ecc5bd1aeec9c3789de06dc3798539a1f44"
   > ]
[2024/06/24 10:45:57.600] -    >  eth_getBlockByNumber: [
   >   "0xd",
   >   true
   > ]
[2024/06/24 10:45:57.611] -    >  eth_getTransactionReceipt: [
   >   "0xcad6dd32fef3265d1277c2935b8cefcbe913b32d213791ce7738b2ee6b24d53a"
   > ]
[2024/06/24 10:45:57.619] -    >  eth_getBlockByNumber: [
   >   "0xc",
   >   true
   > ]
[2024/06/24 10:45:57.625] -    >  eth_getTransactionReceipt: [
   >   "0x856d3a622e9a1a1bfb49c6ebac685b77f426d19dbb71b56b9c8cbf46f876bb18"
   > ]
[2024/06/24 10:45:57.635] -    >  eth_getBlockByNumber: [
   >   "0xb",
   >   true
   > ]
[2024/06/24 10:45:57.644] -    >  eth_getTransactionReceipt: [
   >   "0x6eb8a866515e99a16072b3c8df6be89790c4f0ec91d4401978a7a2dc58846d40"
   > ]
[2024/06/24 10:45:57.653] -    >  eth_getBlockByNumber: [
   >   "0xa",
   >   true
   > ]
[2024/06/24 10:45:57.674] -    >  eth_getTransactionReceipt: [
   >   "0x73e1572d238804cab52cebc4dccd8cb6d9debd71a5fa36e601bbabf62a97a58f"
   > ]
[2024/06/24 10:45:57.696] -    >  eth_getBlockByNumber: [
   >   "0x9",
   >   true
   > ]
[2024/06/24 10:45:57.705] -    >  eth_getTransactionReceipt: [
   >   "0xc0497ae87a210c27c0a6360a857c24ed60f69d66a7208df5fb6b09411f30d979"
   > ]
[2024/06/24 10:45:57.716] -    >  eth_getBlockByNumber: [
   >   "0x8",
   >   true
   > ]
[2024/06/24 10:45:57.726] -    >  eth_getTransactionReceipt: [
   >   "0xe544da4a8a6e65d86d77386c35eb17c1524198ee083f51ebdf3bc6175b11950c"
   > ]
