[2024/06/23 10:06:41.827] -    >  net_version: []
[2024/06/23 10:06:41.829] -    >  eth_getCode: [
   >   "0xf897691525c1358e398217feb971feb57cb33ea4",
   >   "latest"
   > ]
[2024/06/23 10:06:41.859] -    >  net_version: []
[2024/06/23 10:06:41.860] -    >  eth_getCode: [
   >   "0xf897691525c1358e398217feb971feb57cb33ea4",
   >   "latest"
   > ]
[2024/06/23 10:06:41.882] -    >  net_version: []
[2024/06/23 10:06:41.885] -    >  eth_getCode: [
   >   "0xf897691525c1358e398217feb971feb57cb33ea4",
   >   "latest"
   > ]
[2024/06/23 10:06:41.916] -    >  net_version: []
[2024/06/23 10:06:41.918] -    >  eth_getCode: [
   >   "0xf897691525c1358e398217feb971feb57cb33ea4",
   >   "latest"
   > ]
[2024/06/23 10:06:41.951] -    >  net_version: []
[2024/06/23 10:06:41.953] -    >  eth_getCode: [
   >   "0xf897691525c1358e398217feb971feb57cb33ea4",
   >   "latest"
   > ]
[2024/06/23 10:06:41.983] -    >  net_version: []
[2024/06/23 10:06:41.985] -    >  eth_getCode: [
   >   "0xf897691525c1358e398217feb971feb57cb33ea4",
   >   "latest"
   > ]
[2024/06/23 10:06:41.987] -    >  eth_getBlockByNumber: [
   >   "latest",
   >   false
   > ]
[2024/06/23 10:06:41.989] -    >  eth_getBalance: [
   >   "0xf897691525c1358e398217feb971feb57cb33ea4",
   >   "0x9"
   > ]
[2024/06/23 10:06:41.991] -    >  eth_getTransactionCount: [
   >   "0xf897691525c1358e398217feb971feb57cb33ea4",
   >   "0x9"
   > ]
[2024/06/23 10:06:42.496] -    >  eth_unsubscribe: [
   >   "0x3"
   > ]
[2024/06/23 10:06:42.497] -    >  eth_unsubscribe: [
   >   "0x4"
   > ]
