[2024/07/15 14:35:22.778] - Starting server with initial configuration: {"gasLimit":6721975,"gasPrice":20000000000,"hardfork":"merge","hostname":"127.0.0.1","port":7545,"network_id":5777,"default_balance_ether":100,"total_accounts":10,"unlocked_accounts":[],"locked":false,"vmErrorsOnRPCResponse":true,"verbose":true,"flavor":"ethereum","db_path":"C:\\Users\\mahad\\AppData\\Roaming\\Ganache\\ui\\workspaces\\FruitChain\\chaindata","mnemonic":"kitten initial salt lazy mask profit monitor innocent web chronic into accident","logDirectory":"C:\\Users\\mahad\\Desktop\\fruit_sell\\fruit_sell\\ganache"}
[2024/07/15 14:35:22.951] -    >  eth_getCode: [
   >   "0xb67abaec373722828930da4fafa1579672b821f4",
   >   "latest"
   > ]
[2024/07/15 14:35:22.955] -    >  eth_subscribe: [
   >   "newHeads"
   > ]
[2024/07/15 14:35:22.957] -    >  eth_getLogs: [
   >   {
   >     "fromBlock": null,
   >     "topics": []
   >   }
   > ]
[2024/07/15 14:35:22.958] -    >  eth_subscribe: [
   >   "logs",
   >   {
   >     "topics": []
   >   }
   > ]
[2024/07/15 14:35:23.010] -    >  eth_subscribe: [
   >   "newHeads"
   > ]
[2024/07/15 14:35:23.012] -    >  eth_getLogs: [
   >   {
   >     "fromBlock": null,
   >     "topics": []
   >   }
   > ]
[2024/07/15 14:35:23.012] -    >  eth_subscribe: [
   >   "logs",
   >   {
   >     "topics": []
   >   }
   > ]
[2024/07/15 14:35:23.014] -    >  eth_getCode: [
   >   "0xb67abaec373722828930da4fafa1579672b821f4",
   >   "latest"
   > ]
[2024/07/15 14:35:23.084] -    >  eth_getBlockByNumber: [
   >   "latest",
   >   false
   > ]
[2024/07/15 14:35:23.086] -    >  eth_subscribe: [
   >   "newHeads"
   > ]
[2024/07/15 14:35:23.091] -    >  eth_blockNumber: []
[2024/07/15 14:35:23.092] -    >  eth_accounts: []
[2024/07/15 14:35:23.093] -    >  eth_gasPrice: []
[2024/07/15 14:35:23.093] -    >  eth_getBlockByNumber: [
   >   "latest",
   >   false
   > ]
[2024/07/15 14:35:23.112] -    >  eth_subscribe: [
   >   "newHeads"
   > ]
[2024/07/15 14:35:23.113] -    >  eth_blockNumber: []
[2024/07/15 14:35:23.113] -    >  eth_accounts: []
[2024/07/15 14:35:23.113] -    >  eth_gasPrice: []
[2024/07/15 14:35:23.146] -    >  eth_getBalance: [
   >   "0x57be56fbd93098294b33252f919f3a4988bfad10",
   >   "latest"
   > ]
[2024/07/15 14:35:23.149] -    >  eth_getTransactionCount: [
   >   "0x57be56fbd93098294b33252f919f3a4988bfad10",
   >   "latest"
   > ]
[2024/07/15 14:35:23.153] -    >  eth_getBalance: [
   >   "0x45c3275b1486f1b97b5e02561b6f98781d3689d8",
   >   "latest"
   > ]
[2024/07/15 14:35:23.157] -    >  eth_getTransactionCount: [
   >   "0x45c3275b1486f1b97b5e02561b6f98781d3689d8",
   >   "latest"
   > ]
[2024/07/15 14:35:23.162] -    >  eth_getBalance: [
   >   "0x1c7055e5d5bf577f3689eb1bd129edd3c121e8e6",
   >   "latest"
   > ]
[2024/07/15 14:35:23.166] -    >  eth_getTransactionCount: [
   >   "0x1c7055e5d5bf577f3689eb1bd129edd3c121e8e6",
   >   "latest"
   > ]
[2024/07/15 14:35:23.170] -    >  eth_getBalance: [
   >   "0x0c760d895a3171e54dbbb9a18e67014972088c77",
   >   "latest"
   > ]
[2024/07/15 14:35:23.175] -    >  eth_getTransactionCount: [
   >   "0x0c760d895a3171e54dbbb9a18e67014972088c77",
   >   "latest"
   > ]
[2024/07/15 14:35:23.179] -    >  eth_getBalance: [
   >   "0x794f98490bf0bd92b8de7a4b69095d80ec6fdcda",
   >   "latest"
   > ]
[2024/07/15 14:35:23.186] -    >  eth_getTransactionCount: [
   >   "0x794f98490bf0bd92b8de7a4b69095d80ec6fdcda",
   >   "latest"
   > ]
[2024/07/15 14:35:23.189] -    >  eth_getBalance: [
   >   "0x3fed8828db9aa18d25cd1e4993d391f77a6eae78",
   >   "latest"
   > ]
[2024/07/15 14:35:23.193] -    >  eth_getTransactionCount: [
   >   "0x3fed8828db9aa18d25cd1e4993d391f77a6eae78",
   >   "latest"
   > ]
[2024/07/15 14:35:23.196] -    >  eth_getBalance: [
   >   "0x668fc8f3f1c2c85cd4d11b43ccf3dda73a21a952",
   >   "latest"
   > ]
[2024/07/15 14:35:23.200] -    >  eth_getTransactionCount: [
   >   "0x668fc8f3f1c2c85cd4d11b43ccf3dda73a21a952",
   >   "latest"
   > ]
[2024/07/15 14:35:23.205] -    >  eth_getBalance: [
   >   "0x230522813c2f5474ff022649600998137c18b816",
   >   "latest"
   > ]
[2024/07/15 14:35:23.208] -    >  eth_getTransactionCount: [
   >   "0x230522813c2f5474ff022649600998137c18b816",
   >   "latest"
   > ]
[2024/07/15 14:35:23.212] -    >  eth_getBalance: [
   >   "0x981dca2746ccd296a3bd9ce831cc9746ee02df63",
   >   "latest"
   > ]
[2024/07/15 14:35:23.215] -    >  eth_getTransactionCount: [
   >   "0x981dca2746ccd296a3bd9ce831cc9746ee02df63",
   >   "latest"
   > ]
[2024/07/15 14:35:23.217] -    >  eth_getBalance: [
   >   "0xf5cc397bbcf3184ec4f26362a10e8fc7cf31d187",
   >   "latest"
   > ]
[2024/07/15 14:35:23.220] -    >  eth_getTransactionCount: [
   >   "0xf5cc397bbcf3184ec4f26362a10e8fc7cf31d187",
   >   "latest"
   > ]
[2024/07/15 14:35:23.222] -    >  eth_getBalance: [
   >   "0x57be56fbd93098294b33252f919f3a4988bfad10",
   >   "latest"
   > ]
[2024/07/15 14:35:23.224] -    >  eth_getTransactionCount: [
   >   "0x57be56fbd93098294b33252f919f3a4988bfad10",
   >   "latest"
   > ]
[2024/07/15 14:35:23.227] -    >  eth_getBalance: [
   >   "0x45c3275b1486f1b97b5e02561b6f98781d3689d8",
   >   "latest"
   > ]
[2024/07/15 14:35:23.229] -    >  eth_getTransactionCount: [
   >   "0x45c3275b1486f1b97b5e02561b6f98781d3689d8",
   >   "latest"
   > ]
[2024/07/15 14:35:23.232] -    >  eth_getBalance: [
   >   "0x1c7055e5d5bf577f3689eb1bd129edd3c121e8e6",
   >   "latest"
   > ]
[2024/07/15 14:35:23.234] -    >  eth_getTransactionCount: [
   >   "0x1c7055e5d5bf577f3689eb1bd129edd3c121e8e6",
   >   "latest"
   > ]
[2024/07/15 14:35:23.237] -    >  eth_getBalance: [
   >   "0x0c760d895a3171e54dbbb9a18e67014972088c77",
   >   "latest"
   > ]
[2024/07/15 14:35:23.239] -    >  eth_getTransactionCount: [
   >   "0x0c760d895a3171e54dbbb9a18e67014972088c77",
   >   "latest"
   > ]
[2024/07/15 14:35:23.241] -    >  eth_getBalance: [
   >   "0x794f98490bf0bd92b8de7a4b69095d80ec6fdcda",
   >   "latest"
   > ]
[2024/07/15 14:35:23.244] -    >  eth_getTransactionCount: [
   >   "0x794f98490bf0bd92b8de7a4b69095d80ec6fdcda",
   >   "latest"
   > ]
[2024/07/15 14:35:23.247] -    >  eth_getBalance: [
   >   "0x3fed8828db9aa18d25cd1e4993d391f77a6eae78",
   >   "latest"
   > ]
[2024/07/15 14:35:23.249] -    >  eth_getTransactionCount: [
   >   "0x3fed8828db9aa18d25cd1e4993d391f77a6eae78",
   >   "latest"
   > ]
[2024/07/15 14:35:23.252] -    >  eth_getBalance: [
   >   "0x668fc8f3f1c2c85cd4d11b43ccf3dda73a21a952",
   >   "latest"
   > ]
[2024/07/15 14:35:23.255] -    >  eth_getTransactionCount: [
   >   "0x668fc8f3f1c2c85cd4d11b43ccf3dda73a21a952",
   >   "latest"
   > ]
[2024/07/15 14:35:23.257] -    >  eth_getBalance: [
   >   "0x230522813c2f5474ff022649600998137c18b816",
   >   "latest"
   > ]
[2024/07/15 14:35:23.260] -    >  eth_getTransactionCount: [
   >   "0x230522813c2f5474ff022649600998137c18b816",
   >   "latest"
   > ]
[2024/07/15 14:35:23.263] -    >  eth_getBalance: [
   >   "0x981dca2746ccd296a3bd9ce831cc9746ee02df63",
   >   "latest"
   > ]
[2024/07/15 14:35:23.266] -    >  eth_getTransactionCount: [
   >   "0x981dca2746ccd296a3bd9ce831cc9746ee02df63",
   >   "latest"
   > ]
[2024/07/15 14:35:23.268] -    >  eth_getBalance: [
   >   "0xf5cc397bbcf3184ec4f26362a10e8fc7cf31d187",
   >   "latest"
   > ]
[2024/07/15 14:35:23.271] -    >  eth_getTransactionCount: [
   >   "0xf5cc397bbcf3184ec4f26362a10e8fc7cf31d187",
   >   "latest"
   > ]
[2024/07/15 14:35:23.305] -    >  eth_getBalance: [
   >   "0x57be56fbd93098294b33252f919f3a4988bfad10",
   >   "latest"
   > ]
[2024/07/15 14:35:23.307] -    >  eth_getTransactionCount: [
   >   "0x57be56fbd93098294b33252f919f3a4988bfad10",
   >   "latest"
   > ]
[2024/07/15 14:35:23.310] -    >  eth_getBalance: [
   >   "0x45c3275b1486f1b97b5e02561b6f98781d3689d8",
   >   "latest"
   > ]
[2024/07/15 14:35:23.314] -    >  eth_getTransactionCount: [
   >   "0x45c3275b1486f1b97b5e02561b6f98781d3689d8",
   >   "latest"
   > ]
[2024/07/15 14:35:23.318] -    >  eth_getBalance: [
   >   "0x1c7055e5d5bf577f3689eb1bd129edd3c121e8e6",
   >   "latest"
   > ]
[2024/07/15 14:35:23.320] -    >  eth_getTransactionCount: [
   >   "0x1c7055e5d5bf577f3689eb1bd129edd3c121e8e6",
   >   "latest"
   > ]
[2024/07/15 14:35:23.324] -    >  eth_getBalance: [
   >   "0x0c760d895a3171e54dbbb9a18e67014972088c77",
   >   "latest"
   > ]
[2024/07/15 14:35:23.328] -    >  eth_getTransactionCount: [
   >   "0x0c760d895a3171e54dbbb9a18e67014972088c77",
   >   "latest"
   > ]
[2024/07/15 14:35:23.332] -    >  eth_getBalance: [
   >   "0x794f98490bf0bd92b8de7a4b69095d80ec6fdcda",
   >   "latest"
   > ]
[2024/07/15 14:35:23.335] -    >  eth_getTransactionCount: [
   >   "0x794f98490bf0bd92b8de7a4b69095d80ec6fdcda",
   >   "latest"
   > ]
[2024/07/15 14:35:23.338] -    >  eth_getBalance: [
   >   "0x3fed8828db9aa18d25cd1e4993d391f77a6eae78",
   >   "latest"
   > ]
[2024/07/15 14:35:23.341] -    >  eth_getTransactionCount: [
   >   "0x3fed8828db9aa18d25cd1e4993d391f77a6eae78",
   >   "latest"
   > ]
[2024/07/15 14:35:23.343] -    >  eth_getBalance: [
   >   "0x668fc8f3f1c2c85cd4d11b43ccf3dda73a21a952",
   >   "latest"
   > ]
[2024/07/15 14:35:23.348] -    >  eth_getTransactionCount: [
   >   "0x668fc8f3f1c2c85cd4d11b43ccf3dda73a21a952",
   >   "latest"
   > ]
[2024/07/15 14:35:23.352] -    >  eth_getBalance: [
   >   "0x230522813c2f5474ff022649600998137c18b816",
   >   "latest"
   > ]
[2024/07/15 14:35:23.358] -    >  eth_getTransactionCount: [
   >   "0x230522813c2f5474ff022649600998137c18b816",
   >   "latest"
   > ]
[2024/07/15 14:35:23.362] -    >  eth_getBalance: [
   >   "0x981dca2746ccd296a3bd9ce831cc9746ee02df63",
   >   "latest"
   > ]
[2024/07/15 14:35:23.366] -    >  eth_getTransactionCount: [
   >   "0x981dca2746ccd296a3bd9ce831cc9746ee02df63",
   >   "latest"
   > ]
[2024/07/15 14:35:23.369] -    >  eth_getBalance: [
   >   "0xf5cc397bbcf3184ec4f26362a10e8fc7cf31d187",
   >   "latest"
   > ]
[2024/07/15 14:35:23.374] -    >  eth_getTransactionCount: [
   >   "0xf5cc397bbcf3184ec4f26362a10e8fc7cf31d187",
   >   "latest"
   > ]
[2024/07/15 14:35:23.377] -    >  eth_getBalance: [
   >   "0x57be56fbd93098294b33252f919f3a4988bfad10",
   >   "latest"
   > ]
[2024/07/15 14:35:23.380] -    >  eth_getTransactionCount: [
   >   "0x57be56fbd93098294b33252f919f3a4988bfad10",
   >   "latest"
   > ]
[2024/07/15 14:35:23.383] -    >  eth_getBalance: [
   >   "0x45c3275b1486f1b97b5e02561b6f98781d3689d8",
   >   "latest"
   > ]
[2024/07/15 14:35:23.389] -    >  eth_getTransactionCount: [
   >   "0x45c3275b1486f1b97b5e02561b6f98781d3689d8",
   >   "latest"
   > ]
[2024/07/15 14:35:23.394] -    >  eth_getBalance: [
   >   "0x1c7055e5d5bf577f3689eb1bd129edd3c121e8e6",
   >   "latest"
   > ]
[2024/07/15 14:35:23.398] -    >  eth_getTransactionCount: [
   >   "0x1c7055e5d5bf577f3689eb1bd129edd3c121e8e6",
   >   "latest"
   > ]
[2024/07/15 14:35:23.402] -    >  eth_getBalance: [
   >   "0x0c760d895a3171e54dbbb9a18e67014972088c77",
   >   "latest"
   > ]
[2024/07/15 14:35:23.404] -    >  eth_getTransactionCount: [
   >   "0x0c760d895a3171e54dbbb9a18e67014972088c77",
   >   "latest"
   > ]
[2024/07/15 14:35:23.406] -    >  eth_getBalance: [
   >   "0x794f98490bf0bd92b8de7a4b69095d80ec6fdcda",
   >   "latest"
   > ]
[2024/07/15 14:35:23.409] -    >  eth_getTransactionCount: [
   >   "0x794f98490bf0bd92b8de7a4b69095d80ec6fdcda",
   >   "latest"
   > ]
[2024/07/15 14:35:23.412] -    >  eth_getBalance: [
   >   "0x3fed8828db9aa18d25cd1e4993d391f77a6eae78",
   >   "latest"
   > ]
[2024/07/15 14:35:23.414] -    >  eth_getTransactionCount: [
   >   "0x3fed8828db9aa18d25cd1e4993d391f77a6eae78",
   >   "latest"
   > ]
[2024/07/15 14:35:23.416] -    >  eth_getBalance: [
   >   "0x668fc8f3f1c2c85cd4d11b43ccf3dda73a21a952",
   >   "latest"
   > ]
[2024/07/15 14:35:23.419] -    >  eth_getTransactionCount: [
   >   "0x668fc8f3f1c2c85cd4d11b43ccf3dda73a21a952",
   >   "latest"
   > ]
[2024/07/15 14:35:23.422] -    >  eth_getBalance: [
   >   "0x230522813c2f5474ff022649600998137c18b816",
   >   "latest"
   > ]
[2024/07/15 14:35:23.426] -    >  eth_getTransactionCount: [
   >   "0x230522813c2f5474ff022649600998137c18b816",
   >   "latest"
   > ]
[2024/07/15 14:35:23.431] -    >  eth_getBalance: [
   >   "0x981dca2746ccd296a3bd9ce831cc9746ee02df63",
   >   "latest"
   > ]
[2024/07/15 14:35:23.436] -    >  eth_getTransactionCount: [
   >   "0x981dca2746ccd296a3bd9ce831cc9746ee02df63",
   >   "latest"
   > ]
[2024/07/15 14:35:23.440] -    >  eth_getBalance: [
   >   "0xf5cc397bbcf3184ec4f26362a10e8fc7cf31d187",
   >   "latest"
   > ]
[2024/07/15 14:35:23.447] -    >  eth_getTransactionCount: [
   >   "0xf5cc397bbcf3184ec4f26362a10e8fc7cf31d187",
   >   "latest"
   > ]
[2024/07/15 14:35:36.165] -    >  eth_chainId: []
[2024/07/15 14:35:36.176] -    >  eth_call: [
   >   {
   >     "to": "0xb67AbaeC373722828930Da4FAfA1579672b821f4",
   >     "data": "0x76ce7fe9000000000000000000000000000000000000000000000000000000000000000f"
   >   },
   >   "latest"
   > ]
